AWS_IOT_DEBUG_ENABLE
AWS_IOT_ERROR_ENABLE
AWS_IOT_INFO_ENABLE
AWS_IOT_SUPPORT
AWS_IOT_TRACE_ENABLE
AWS_IOT_WARN_ENABLE
BMA255_ORIENTATION
BMA255_USE_POLLING
BOARD_CONFIG
PROJ_NAME
BOARD_CTP
CPURW_RANK1
CTP_DEMO_BOARD
DDR_MEMTEST
ETT_TYPE
FALIED_POINT_DBG
FORCE_DL_ENABLE
FUSION_BLOOD_PRESSURE_USE
FUSION_HEART_RATE_MONITOR_USE
FUSION_HEART_RATE_VARIABILITY_USE
FUSION_PEDOMETER_USE
FUSION_SLEEP_STAGING_USE
FUSION_SLEEP_TRACKER_USE
GT_AT_GPIO_SUPPORT
GT_PROJECT_ENABLE
GT_PROJ_NAME
HAL_EMI_DRIVER
HAL_FLASH_MODULE_ENABLED
HOMEKIT_DEBUG
HR_PPG_128HZ
HR_PPG_64HZ
HUMMINGBIRD_ENABLE
IC2_CONFIG
IC_CONFIG
INPUT_DATA_FROM_OUTSIDE
LP_DEMO
MCP_TARGE_TTYPE
MT2511_E1
MT2511_ENABLE_LEADOFF
MT2511_INTERFACE
MTK_3TLS_6UDP_ENABLE
MTK_AIRKISS_ENABLE
MTK_ALINK_ENABLE
MTK_ALINK_ENABLE
MTK_ALINK_SDS_ENABLE
MTK_ANT_DIV_ENABLE
MTK_AP_SNIFFER_ENABLE
MTK_ATCI_ENABLE
MTK_ATCI_VIA_PORT_SERVICE
MTK_AT_CMD_DISABLE
MTK_AUDIO_AAC_DECODER_ENABLED
MTK_AUDIO_AMR_ENABLED
MTK_AUDIO_AMR_FEATURE_DECODE_DEMO
MTK_AUDIO_AMR_FEATURE_ENCODE_DEMO
MTK_AUDIO_I2S_REC_ENABLED
MTK_AUDIO_MP3_ENABLED
MTK_AUDIO_PASS_THROUGH_ENABLED
MTK_AUDIO_SPEEX_ENABLED
MTK_AUDIO_TUNING_ENABLE
MTK_AUDIO_TUNING_ENABLED
MTK_AUDIO_WAV_ENABLED
MTK_BL_BOOT_MENU_ENABLE
MTK_BL_DCXO_KVALUE_SW
MTK_BL_DEBUG_ENABLE
MTK_BLE_BQB_CLI_ENABLE
MTK_BLE_BQB_TEST_ENABLE
MTK_BLE_CLI_ENABLE
MTK_BLE_GPIO_SERVICE
MTK_BLE_ONLY_ENABLE
MTK_BLE_SMTCN_ENABLE
MTK_BL_FLASH_DIST_ENABLE
MTK_BL_FLASH_STT_ENABLE
MTK_BL_FOTA_CUST_ENABLE
MTK_BL_FPGA_LOAD_ENABLE
MTK_BL_LOAD_ENABLE
MTK_BL_LOG_VIA_UART0
MTK_BL_RESTORE_DEFAULT_ENABLE
MTK_BLUETOOTH_ENABLE
MTK_BOOTLOADER_USE_MBEDTLS
MTK_BSPEXT_ENABLE
MTK_BSP_LOAD_WIFI_PROFILE_ENABLE
MTK_BSP_LOOPBACK_ENABLE
MTK_BT_A2DP_AAC_ENABLE
MTK_BT_A2DP_ENABLE
MTK_BT_A2DP_SOURCE_ENABLE
MTK_BT_AT_COMMAND_ENABLE
MTK_BT_AVRCP_ENABLE
MTK_BT_AVRCP_ENH_ENABLE
MTK_BT_AWS_ENABLE
MTK_BT_BQB_TEST_ENABLE
MTK_BT_CODEC_ENABLED
MTK_BT_COMMAND_ENABLE
MTK_BT_DONGLE_TEST
MTK_BT_DUO_ENABLE
MTK_BT_ENABLE
MTK_BT_HFP_ENABLE
MTK_BT_HID_ENABLE
MTK_BT_MESH_CLI_ENABLE
MTK_BT_MESH_ENABLE
MTK_BT_MESH_EXAMPLE_PROJECT
MTK_BT_NORMAL_MODE_ENABLE
MTK_BT_PBAP_ENABLE
MTK_BT_SPP_ENABLE
MTK_BT_TIMER_EXTERNAL_ENABLE
MTK_BUILD_HQA_LOAD
MTK_BUILD_IME_LOAD
MTK_BUILD_SMT_LOAD
MTK_CAL_DCXO_CAPID
MTK_CJSON_ENABLE
MTK_CLI_EXAMPLE_MODE_ENABLE
MTK_CLI_FORK_ENABLE
MTK_CLI_TEST_MODE_ENABLE
MTK_CM4_WIFI_TASK_ENABLE
MTK_CODE_COVERAGE_ENABLE
MTK_CORD_FREE_HEADSET_ENABLE
MTK_CTP_ENABLE
MTK_DEBUG_LEVEL
MTK_DEMO_PROJ_LOWPOWER_AT_CMD_ENABLE
MTK_DEVELOPMENT_BOARD_TYPE
MTK_EXTERNAL_DSP_ENABLE
MTK_EXTERNAL_GAUGE
MTK_EXTERNAL_PMIC
MTK_EXTERNAL_PMIC_TYPE
MTK_FATFS_ENABLE
MTK_FATFS_ON_SPI_SD
MTK_FLASH_WR_ENABLE
MTK_FOR_EARLY_PORTING
MTK_FOTA_AT_COMMAND_ENABLE
MTK_FOTA_CLI_ENABLE
MTK_FOTA_CM4_FS_ENABLE
MTK_FOTA_DUAL_IMAGE_ENABLE
MTK_FOTA_DUAL_IMAGE_ONE_PACK_ENABLE
MTK_FOTA_ENABLE
MTK_FOTA_FS_ENABLE
MTK_FOTA_UBIN_ENABLE
MTK_FW_VERSION
MTK_GNSS_ENABLE
MTK_GNSS_SUPPORT_EPO_DOWNLOAD_BY_BT
MTK_HAL_EXT_32K_ENABLE
MTK_HAL_LOWPOWER_ENABLE
MTK_HAL_PLAIN_LOG_ENABLE
MTK_HCI_CONSOLE_MIX_ENABLE
MTK_HEAP_GUARD_ENABLE
MTK_HEAP_SIZE_GUARD_ENABLE
MTK_HIF_GDMA_ENABLE
MTK_HOMEKIT_ENABLE
MTK_HOMEKIT_HAP_CLI
MTK_HOMEKIT_HAP_MOCK
MTK_HOMEKIT_ICLOUD
MTK_HOMEKIT_ICLOUD_WIN32
MTK_HTTPCLIENT_SSL_ENABLE
MTK_I2S_ENABLED
MTK_INEAR_NOODLES_HEADSET_ENABLE
MTK_IPERF_DEBUG_ENABLE
MTK_IPERF_ENABLE
MTK_JOYLINK_ENABLE
MTK_JOYLINK_ENABLE
MTK_JOYLINK_ENABLE
MTK_LCD_ENABLE
MTK_LED_ENABLE
MTK_LOAD_MAC_ADDR_FROM_EFUSE
MTK_LWIP_DYNAMIC_DEBUG_ENABLE
MTK_LWIP_ENABLE
MTK_LWIP_STATISTICS_ENABLE
MTK_MAIN_CONSOLE_UART2_ENABLE
MTK_MBEDTLS_CONFIG_FILE
MTK_MBED_TLS_ENABLE
MTK_MCS_ENABLE
MTK_MEMORY_WITHOUT_PSRAM
MTK_MEMORY_WITHOUT_PSRAM_FLASH
MTK_MEMORY_WITH_PSRAM_FLASH
MTK_MET_TRACE_ENABLE
MTK_MINICLI_ENABLE
MTK_MINISUPP_ENABLE
MTK_MODEM_ENABLE
MTK_MODEM_LOWER_POWER
MTK_MODEM_ON_HDK_ENABLE
MTK_MOTION_DETECT_ENABLE
MTK_MP3_ON_FLASH_ENABLE
MTK_MPERF_ENABLE
MTK_MU_ENABLE
MTK_MULTI_SMART_CONFIG_ENABLE
MTK_MVG_FLASH_TEST_ENABLE
MTK_NDVC_ENABLE
MTK_NO_PSRAM_ENABLE
MTK_NVDM_ENABLE
MTK_OS_CLI_ENABLE
MTK_OS_CPU_UTILIZATION_ENABLE
MTK_PING_OUT_ENABLE
MTK_PMT_ENABLE
MTK_PORT_SERVICE_ENABLE
MTK_PROMPT_SOUND_ENABLE
MTK_QUERY_SDK_VERSION
MTK_REPORT_BATTERY_SERIVCE
MTK_ROM_VER
MTK_RTC_CLEAN_FOR_DOWNLOAD
MTK_SECURE_BOOT_ENABLE
MTK_SENSOR_ACCELEROMETER_USE
MTK_SENSOR_AT_COMMAND_ENABLE
MTK_SENSOR_BAROMETER_USE
MTK_SENSOR_BIO_MODULE
MTK_SENSOR_BIO_USE
MTK_SENSOR_MAGNETIC_USE
MTK_SENSOR_PROXIMITY_USE
MTK_SENSOR_SUBSYS_SINGLE_TASK
MTK_SINGLE_SKU_SUPPORT
MTK_SINGLE_SKU_SUPPORT
MTK_SMART_BATTERY_ENABLE
MTK_SMTCN_ENABLE
MTK_SMTCN_V4_ENABLE
MTK_SMTCN_V5_ENABLE
MTK_SUPPORT_APP_TEST_ENABLE
MTK_SUPPORT_EPT_TOOL_ENABLE
MTK_SUPPORT_HEAP_DEBUG
MTK_SUPPORT_SFC_DVT_ENABLE
MTK_SWLA_ENABLE
MTK_SYSLOG_DMA
MTK_SYSTEM_AT_COMMAND_ENABLE
MTK_SYSTEM_CLOCK_FREQ
MTK_SYSTEM_HANG_CHECK_ENABLE
MTK_SYS_TRNG_ENABLE
MTK_TE_ENABLE
MTK_TEMP_REMOVE
MTK_USB_BOOT_MSC
MTK_USB_CONNECTED_STOP_ALL
MTK_USB_DEMO_ENABLED
MTK_USER_FAST_TX_ENABLE
MTK_WAV_DECODER_ENABLE
MTK_WEBSOCKET_SSL_ENABLE
MTK_WFC_AT_SLAVE_ENABLE
MTK_WIFI_AT_COMMAND_ENABLE
MTK_WIFI_CHIP_USE
MTK_WIFI_CHIP_USE_MT5931
MTK_WIFI_CHIP_USE_MT5932
MTK_WIFI_CONFIGURE_FREE_DEMO
MTK_WIFI_CONFIGURE_FREE_ENABLE
MTK_WIFI_DHCPD_DHCP_COEXIST_ENABLE
MTK_WIFI_DIRECT_ENABLE
MTK_WIFI_ENABLE
MTK_WIFI_PRIVILEGE_ENABLE
MTK_WIFI_PROFILE_ENABLE
MTK_WIFI_REPEATER_ENABLE
MTK_WIFI_ROM_ENABLE
MTK_WIFI_SLIM_ENABLE
MTK_WIFI_STUB_CONF_ENABLE
MTK_WIFI_STUB_CONF_SDIO_MSDC_ENABLE
MTK_WIFI_STUB_CONF_SPI_ENABLE
MTK_WIFI_TGN_VERIFY_ENABLE
MTK_WIFI_WPS_ENABLE
MTK_XML_ENABLE
MTK_XOSC_MODE
MULTI_BT_CALLER
PLATFORM_DEVICE
SCREEN_CONFIG
STOP_AT_FAILED
SUPPORT_SENSOR
TEST_METHOD
TUNING_TYPE
UI_CONFIG
VCORE_1P3V_PLL
MTK_AWS_MCE_ENABLE
BOARD_TYPE
IC_TYPE